Backend store URI not provided. Using sqlite:///mlflow.db
Registry store URI not provided. Using backend store URI.
2026/01/29 15:20:30 INFO alembic.runtime.plugins: setup plugin alembic.autogenerate.schemas
2026/01/29 15:20:30 INFO alembic.runtime.plugins: setup plugin alembic.autogenerate.tables
2026/01/29 15:20:30 INFO alembic.runtime.plugins: setup plugin alembic.autogenerate.types
2026/01/29 15:20:30 INFO alembic.runtime.plugins: setup plugin alembic.autogenerate.constraints
2026/01/29 15:20:30 INFO alembic.runtime.plugins: setup plugin alembic.autogenerate.defaults
2026/01/29 15:20:30 INFO alembic.runtime.plugins: setup plugin alembic.autogenerate.comments
2026/01/29 15:20:31 INFO alembic.runtime.migration: Context impl SQLiteImpl.
2026/01/29 15:20:31 INFO alembic.runtime.migration: Will assume non-transactional DDL.
[MLflow] Security middleware enabled with default settings (localhost-only). To allow connections from other hosts, use --host 0.0.0.0 and configure --allowed-hosts and --cors-allowed-origins.
INFO:     Uvicorn running on http://0.0.0.0:5000 (Press CTRL+C to quit)
INFO:     Started parent process [79766]
2026/01/29 15:20:32 INFO mlflow.server.jobs.utils: Starting huey consumer for job function run_online_trace_scorer
2026/01/29 15:20:32 INFO mlflow.server.jobs.utils: Starting huey consumer for job function invoke_scorer
2026/01/29 15:20:32 INFO mlflow.server.jobs.utils: Starting huey consumer for job function run_online_session_scorer
2026/01/29 15:20:32 INFO mlflow.server.jobs.utils: Starting dedicated Huey consumer for periodic tasks
2026/01/29 15:20:32 INFO alembic.runtime.plugins: setup plugin alembic.autogenerate.schemas
2026/01/29 15:20:32 INFO alembic.runtime.plugins: setup plugin alembic.autogenerate.tables
2026/01/29 15:20:32 INFO alembic.runtime.plugins: setup plugin alembic.autogenerate.types
2026/01/29 15:20:32 INFO alembic.runtime.plugins: setup plugin alembic.autogenerate.constraints
2026/01/29 15:20:32 INFO alembic.runtime.plugins: setup plugin alembic.autogenerate.defaults
2026/01/29 15:20:32 INFO alembic.runtime.plugins: setup plugin alembic.autogenerate.comments
2026/01/29 15:20:32 INFO alembic.runtime.plugins: setup plugin alembic.autogenerate.schemas
2026/01/29 15:20:32 INFO alembic.runtime.plugins: setup plugin alembic.autogenerate.tables
2026/01/29 15:20:32 INFO alembic.runtime.plugins: setup plugin alembic.autogenerate.types
2026/01/29 15:20:32 INFO alembic.runtime.plugins: setup plugin alembic.autogenerate.constraints
2026/01/29 15:20:32 INFO alembic.runtime.plugins: setup plugin alembic.autogenerate.defaults
2026/01/29 15:20:32 INFO alembic.runtime.plugins: setup plugin alembic.autogenerate.comments
2026/01/29 15:20:32 INFO alembic.runtime.plugins: setup plugin alembic.autogenerate.schemas
2026/01/29 15:20:32 INFO alembic.runtime.plugins: setup plugin alembic.autogenerate.tables
2026/01/29 15:20:32 INFO alembic.runtime.plugins: setup plugin alembic.autogenerate.types
2026/01/29 15:20:32 INFO alembic.runtime.plugins: setup plugin alembic.autogenerate.constraints
2026/01/29 15:20:32 INFO alembic.runtime.plugins: setup plugin alembic.autogenerate.defaults
2026/01/29 15:20:32 INFO alembic.runtime.plugins: setup plugin alembic.autogenerate.comments
INFO:     Started server process [79772]
INFO:     Waiting for application startup.
INFO:     Application startup complete.
INFO:     Started server process [79769]
INFO:     Waiting for application startup.
INFO:     Application startup complete.
INFO:     Started server process [79770]
INFO:     Waiting for application startup.
INFO:     Application startup complete.
2026/01/29 15:20:32 INFO alembic.runtime.plugins: setup plugin alembic.autogenerate.schemas
2026/01/29 15:20:32 INFO alembic.runtime.plugins: setup plugin alembic.autogenerate.tables
2026/01/29 15:20:32 INFO alembic.runtime.plugins: setup plugin alembic.autogenerate.types
2026/01/29 15:20:32 INFO alembic.runtime.plugins: setup plugin alembic.autogenerate.constraints
2026/01/29 15:20:32 INFO alembic.runtime.plugins: setup plugin alembic.autogenerate.defaults
2026/01/29 15:20:32 INFO alembic.runtime.plugins: setup plugin alembic.autogenerate.comments
INFO:     Started server process [79771]
INFO:     Waiting for application startup.
INFO:     Application startup complete.
2026/01/29 15:20:33 INFO mlflow.server.jobs.utils: Registered online_scoring_scheduler periodic task (runs every 1 minute)
[2026-01-29 15:20:33,116] INFO:huey.consumer:MainThread:Huey consumer started with 5 thread, PID 79875 at 2026-01-29 20:20:33.116840
[2026-01-29 15:20:33,116] INFO:huey.consumer:MainThread:Scheduler runs every 1 second(s).
[2026-01-29 15:20:33,117] INFO:huey.consumer:MainThread:Periodic tasks are enabled.
[2026-01-29 15:20:33,117] INFO:huey.consumer:MainThread:The following commands are available:
+ mlflow.server.jobs.utils._exec_job
+ mlflow.server.jobs.utils.online_scoring_scheduler
[2026-01-29 15:20:33,118] INFO:huey.consumer.Scheduler:Scheduler:Enqueueing periodic task mlflow.server.jobs.utils.online_scoring_scheduler: e95de534-bb03-4638-9f9c-4b5aac9b6f15.
[2026-01-29 15:20:33,119] INFO:huey:Worker-1:Executing mlflow.server.jobs.utils.online_scoring_scheduler: e95de534-bb03-4638-9f9c-4b5aac9b6f15
[2026-01-29 15:20:33,170] INFO:huey.consumer:MainThread:Huey consumer started with 10 thread, PID 79874 at 2026-01-29 20:20:33.170250
[2026-01-29 15:20:33,170] INFO:huey.consumer:MainThread:Scheduler runs every 1 second(s).
[2026-01-29 15:20:33,170] INFO:huey.consumer:MainThread:Periodic tasks are enabled.
[2026-01-29 15:20:33,170] INFO:huey.consumer:MainThread:The following commands are available:
+ mlflow.server.jobs.utils._exec_job
[2026-01-29 15:20:33,227] INFO:huey.consumer:MainThread:Huey consumer started with 5 thread, PID 79870 at 2026-01-29 20:20:33.227689
[2026-01-29 15:20:33,227] INFO:huey.consumer:MainThread:Scheduler runs every 1 second(s).
[2026-01-29 15:20:33,227] INFO:huey.consumer:MainThread:Periodic tasks are enabled.
[2026-01-29 15:20:33,227] INFO:huey.consumer:MainThread:The following commands are available:
+ mlflow.server.jobs.utils._exec_job
[2026-01-29 15:20:33,230] INFO:huey.consumer:MainThread:Huey consumer started with 5 thread, PID 79872 at 2026-01-29 20:20:33.230795
[2026-01-29 15:20:33,230] INFO:huey.consumer:MainThread:Scheduler runs every 1 second(s).
[2026-01-29 15:20:33,230] INFO:huey.consumer:MainThread:Periodic tasks are enabled.
[2026-01-29 15:20:33,231] INFO:huey.consumer:MainThread:The following commands are available:
+ mlflow.server.jobs.utils._exec_job
2026/01/29 15:20:33 INFO alembic.runtime.plugins: setup plugin alembic.autogenerate.schemas
2026/01/29 15:20:33 INFO alembic.runtime.plugins: setup plugin alembic.autogenerate.tables
2026/01/29 15:20:33 INFO alembic.runtime.plugins: setup plugin alembic.autogenerate.types
2026/01/29 15:20:33 INFO alembic.runtime.plugins: setup plugin alembic.autogenerate.constraints
2026/01/29 15:20:33 INFO alembic.runtime.plugins: setup plugin alembic.autogenerate.defaults
2026/01/29 15:20:33 INFO alembic.runtime.plugins: setup plugin alembic.autogenerate.comments
[2026-01-29 15:20:33,389] INFO:huey:Worker-1:mlflow.server.jobs.utils.online_scoring_scheduler: e95de534-bb03-4638-9f9c-4b5aac9b6f15 executed in 0.271s
2026/01/29 15:20:42 INFO alembic.runtime.plugins: setup plugin alembic.autogenerate.schemas
2026/01/29 15:20:42 INFO alembic.runtime.plugins: setup plugin alembic.autogenerate.tables
2026/01/29 15:20:42 INFO alembic.runtime.plugins: setup plugin alembic.autogenerate.types
2026/01/29 15:20:42 INFO alembic.runtime.plugins: setup plugin alembic.autogenerate.constraints
2026/01/29 15:20:42 INFO alembic.runtime.plugins: setup plugin alembic.autogenerate.defaults
2026/01/29 15:20:42 INFO alembic.runtime.plugins: setup plugin alembic.autogenerate.comments
2026/01/29 15:20:43 INFO alembic.runtime.migration: Context impl SQLiteImpl.
2026/01/29 15:20:43 INFO alembic.runtime.migration: Will assume non-transactional DDL.
INFO:     127.0.0.1:57274 - "GET /ajax-api/2.0/mlflow/experiments/search?max_results=5&order_by=last_update_time+DESC HTTP/1.1" 200 OK
INFO:     127.0.0.1:57274 - "GET / HTTP/1.1" 304 Not Modified
INFO:     127.0.0.1:57274 - "GET /ajax-api/3.0/mlflow/assistant/config HTTP/1.1" 200 OK
INFO:     127.0.0.1:57288 - "GET /ajax-api/2.0/mlflow/experiments/search?max_results=5&order_by=last_update_time+DESC HTTP/1.1" 200 OK
INFO:     127.0.0.1:57274 - "GET /ajax-api/3.0/mlflow/ui-telemetry HTTP/1.1" 200 OK
INFO:     127.0.0.1:57274 - "GET /ajax-api/2.0/mlflow/registered-models/search?filter=&max_results=25&order_by=name+ASC HTTP/1.1" 200 OK
INFO:     127.0.0.1:57274 - "GET /ajax-api/2.0/mlflow/experiments/search?max_results=25&order_by=last_update_time+DESC HTTP/1.1" 200 OK
INFO:     127.0.0.1:57274 - "GET /server-info HTTP/1.1" 200 OK
INFO:     127.0.0.1:57288 - "POST /graphql HTTP/1.1" 200 OK
INFO:     127.0.0.1:57288 - "GET /ajax-api/2.0/mlflow/traces?experiment_ids=1&order_by=timestamp_ms%20DESC&max_results=1&filter= HTTP/1.1" 200 OK
INFO:     127.0.0.1:57274 - "POST /ajax-api/2.0/mlflow/runs/search HTTP/1.1" 200 OK
INFO:     127.0.0.1:57288 - "POST /ajax-api/2.0/mlflow/experiments/search-datasets HTTP/1.1" 200 OK
INFO:     127.0.0.1:57288 - "GET /ajax-api/2.0/mlflow/gateway-proxy?gateway_path=api%2F2.0%2Fendpoints%2F HTTP/1.1" 200 OK
INFO:     127.0.0.1:57274 - "POST /ajax-api/2.0/mlflow/logged-models/search HTTP/1.1" 200 OK
2026/01/29 15:20:48 INFO alembic.runtime.migration: Context impl SQLiteImpl.
2026/01/29 15:20:48 INFO alembic.runtime.migration: Will assume non-transactional DDL.
INFO:     127.0.0.1:57296 - "POST /ajax-api/2.0/mlflow/runs/search HTTP/1.1" 200 OK
[2026-01-29 15:21:33,117] INFO:huey.consumer.Scheduler:Scheduler:Enqueueing periodic task mlflow.server.jobs.utils.online_scoring_scheduler: 25799aba-8d70-48d0-bf86-0865d818f4af.
[2026-01-29 15:21:39,617] INFO:huey:Worker-4:Executing mlflow.server.jobs.utils.online_scoring_scheduler: 25799aba-8d70-48d0-bf86-0865d818f4af
[2026-01-29 15:21:39,619] INFO:huey:Worker-4:mlflow.server.jobs.utils.online_scoring_scheduler: 25799aba-8d70-48d0-bf86-0865d818f4af executed in 0.002s
[2026-01-29 15:22:33,117] INFO:huey.consumer.Scheduler:Scheduler:Enqueueing periodic task mlflow.server.jobs.utils.online_scoring_scheduler: 4d993b58-403b-4f3b-9175-a547765d3e90.
[2026-01-29 15:22:37,337] INFO:huey:Worker-4:Executing mlflow.server.jobs.utils.online_scoring_scheduler: 4d993b58-403b-4f3b-9175-a547765d3e90
[2026-01-29 15:22:37,338] INFO:huey:Worker-4:mlflow.server.jobs.utils.online_scoring_scheduler: 4d993b58-403b-4f3b-9175-a547765d3e90 executed in 0.002s
[2026-01-29 15:23:33,117] INFO:huey.consumer.Scheduler:Scheduler:Enqueueing periodic task mlflow.server.jobs.utils.online_scoring_scheduler: b46d0628-cde0-4d6e-9aab-35120fa001bb.
[2026-01-29 15:23:35,055] INFO:huey:Worker-4:Executing mlflow.server.jobs.utils.online_scoring_scheduler: b46d0628-cde0-4d6e-9aab-35120fa001bb
[2026-01-29 15:23:35,057] INFO:huey:Worker-4:mlflow.server.jobs.utils.online_scoring_scheduler: b46d0628-cde0-4d6e-9aab-35120fa001bb executed in 0.002s
INFO:     127.0.0.1:48262 - "GET / HTTP/1.1" 304 Not Modified
INFO:     127.0.0.1:48262 - "GET /ajax-api/3.0/mlflow/assistant/config HTTP/1.1" 200 OK
INFO:     127.0.0.1:48262 - "GET /ajax-api/3.0/mlflow/ui-telemetry HTTP/1.1" 200 OK
2026/01/29 15:23:51 INFO alembic.runtime.migration: Context impl SQLiteImpl.
2026/01/29 15:23:51 INFO alembic.runtime.migration: Will assume non-transactional DDL.
INFO:     127.0.0.1:48268 - "GET /ajax-api/2.0/mlflow/experiments/search?max_results=5&order_by=last_update_time+DESC HTTP/1.1" 200 OK
INFO:     127.0.0.1:48268 - "GET /ajax-api/2.0/mlflow/experiments/search?max_results=25&order_by=last_update_time+DESC HTTP/1.1" 200 OK
INFO:     127.0.0.1:48268 - "GET /server-info HTTP/1.1" 200 OK
INFO:     127.0.0.1:48262 - "POST /graphql HTTP/1.1" 200 OK
INFO:     127.0.0.1:48262 - "GET /ajax-api/2.0/mlflow/traces?experiment_ids=1&order_by=timestamp_ms%20DESC&max_results=1&filter= HTTP/1.1" 200 OK
INFO:     127.0.0.1:48268 - "POST /ajax-api/2.0/mlflow/runs/search HTTP/1.1" 200 OK
INFO:     127.0.0.1:48268 - "POST /ajax-api/2.0/mlflow/experiments/search-datasets HTTP/1.1" 200 OK
INFO:     127.0.0.1:48268 - "GET /ajax-api/2.0/mlflow/gateway-proxy?gateway_path=api%2F2.0%2Fendpoints%2F HTTP/1.1" 200 OK
INFO:     127.0.0.1:48262 - "POST /ajax-api/2.0/mlflow/logged-models/search HTTP/1.1" 200 OK
INFO:     127.0.0.1:48282 - "POST /ajax-api/2.0/mlflow/runs/search HTTP/1.1" 200 OK
INFO:     127.0.0.1:48308 - "GET /static-files/static/js/3702.526c85d9.chunk.js HTTP/1.1" 200 OK
INFO:     127.0.0.1:48294 - "GET /static-files/static/css/1172.b80374b9.chunk.css HTTP/1.1" 200 OK
INFO:     127.0.0.1:48324 - "GET /static-files/static/js/1172.2c68c87c.chunk.js HTTP/1.1" 200 OK
INFO:     127.0.0.1:48294 - "GET /ajax-api/2.0/mlflow/model-versions/search?filter=run_id%3D%27e2d0bb1263b14dd5bcf6b055dc853954%27 HTTP/1.1" 200 OK
INFO:     127.0.0.1:48324 - "POST /graphql HTTP/1.1" 200 OK
INFO:     127.0.0.1:48294 - "GET /ajax-api/2.0/mlflow/model-versions/search?filter=tags.%60mlflow.prompt.is_prompt%60+%3D+%27true%27+AND+tags.%60mlflow.prompt.run_ids%60+ILIKE+%22%25e2d0bb1263b14dd5bcf6b055dc853954%25%22 HTTP/1.1" 200 OK
INFO:     127.0.0.1:48324 - "POST /ajax-api/2.0/mlflow/runs/search HTTP/1.1" 200 OK
INFO:     127.0.0.1:48308 - "POST /ajax-api/2.0/mlflow/logged-models/search HTTP/1.1" 200 OK
INFO:     127.0.0.1:48308 - "GET /ajax-api/2.0/mlflow/artifacts/list?run_uuid=e2d0bb1263b14dd5bcf6b055dc853954 HTTP/1.1" 200 OK
INFO:     127.0.0.1:48308 - "GET /ajax-api/2.0/mlflow/logged-models/m-a3d8a5d7213243f6adee4cdd1c9bbafe HTTP/1.1" 200 OK
INFO:     127.0.0.1:48308 - "GET /ajax-api/2.0/mlflow/logged-models/m-a3d8a5d7213243f6adee4cdd1c9bbafe/artifacts/directories HTTP/1.1" 200 OK
INFO:     127.0.0.1:48324 - "GET /ajax-api/2.0/mlflow/model-versions/search?filter=tags.%60mlflow.prompt.is_prompt%60+%3D+%27true%27+AND+tags.%60mlflow.prompt.run_ids%60+ILIKE+%22%25e2d0bb1263b14dd5bcf6b055dc853954%25%22 HTTP/1.1" 200 OK
INFO:     127.0.0.1:48308 - "POST /ajax-api/2.0/mlflow/runs/search HTTP/1.1" 200 OK
INFO:     127.0.0.1:60388 - "POST /ajax-api/3.0/mlflow/ui-telemetry HTTP/1.1" 200 OK
[2026-01-29 15:24:33,117] INFO:huey.consumer.Scheduler:Scheduler:Enqueueing periodic task mlflow.server.jobs.utils.online_scoring_scheduler: dee6cb80-9f83-4ece-afb4-f3d11e18ab55.
[2026-01-29 15:24:39,623] INFO:huey:Worker-2:Executing mlflow.server.jobs.utils.online_scoring_scheduler: dee6cb80-9f83-4ece-afb4-f3d11e18ab55
[2026-01-29 15:24:39,625] INFO:huey:Worker-2:mlflow.server.jobs.utils.online_scoring_scheduler: dee6cb80-9f83-4ece-afb4-f3d11e18ab55 executed in 0.001s
[2026-01-29 15:25:00,403] INFO:huey.consumer:MainThread:Received SIGHUP, will restart
[2026-01-29 15:25:00,403] INFO:huey.consumer:MainThread:Received SIGHUP, will restart
[2026-01-29 15:25:00,403] INFO:huey.consumer:MainThread:Received SIGHUP, will restart
[2026-01-29 15:25:00,404] INFO:huey.consumer:MainThread:Received SIGHUP, will restart
[2026-01-29 15:25:00,427] INFO:huey.consumer:MainThread:Shutting down gracefully...
[2026-01-29 15:25:00,469] INFO:huey.consumer:MainThread:Shutting down gracefully...
[2026-01-29 15:25:00,479] INFO:huey.consumer:MainThread:Shutting down gracefully...
[2026-01-29 15:25:00,482] INFO:huey.consumer:MainThread:Shutting down gracefully...
INFO:     Received SIGHUP, restarting processes.
INFO:     Waiting for child process [79769]
/usr/lib/python3.13/multiprocessing/resource_tracker.py:155: UserWarning: resource_tracker: process died unexpectedly, relaunching.  Some resources might leak.
  warnings.warn('resource_tracker: process died unexpectedly, '
INFO:     Waiting for child process [79770]
INFO:     Waiting for child process [79771]
INFO:     Waiting for child process [79772]
2026/01/29 15:25:01 INFO alembic.runtime.plugins: setup plugin alembic.autogenerate.schemas
2026/01/29 15:25:01 INFO alembic.runtime.plugins: setup plugin alembic.autogenerate.tables
2026/01/29 15:25:01 INFO alembic.runtime.plugins: setup plugin alembic.autogenerate.types
2026/01/29 15:25:01 INFO alembic.runtime.plugins: setup plugin alembic.autogenerate.constraints
2026/01/29 15:25:01 INFO alembic.runtime.plugins: setup plugin alembic.autogenerate.defaults
2026/01/29 15:25:01 INFO alembic.runtime.plugins: setup plugin alembic.autogenerate.comments
2026/01/29 15:25:01 INFO alembic.runtime.plugins: setup plugin alembic.autogenerate.schemas
2026/01/29 15:25:01 INFO alembic.runtime.plugins: setup plugin alembic.autogenerate.tables
2026/01/29 15:25:01 INFO alembic.runtime.plugins: setup plugin alembic.autogenerate.types
2026/01/29 15:25:01 INFO alembic.runtime.plugins: setup plugin alembic.autogenerate.constraints
2026/01/29 15:25:01 INFO alembic.runtime.plugins: setup plugin alembic.autogenerate.defaults
2026/01/29 15:25:01 INFO alembic.runtime.plugins: setup plugin alembic.autogenerate.comments
2026/01/29 15:25:01 INFO alembic.runtime.plugins: setup plugin alembic.autogenerate.schemas
2026/01/29 15:25:01 INFO alembic.runtime.plugins: setup plugin alembic.autogenerate.tables
2026/01/29 15:25:01 INFO alembic.runtime.plugins: setup plugin alembic.autogenerate.types
2026/01/29 15:25:01 INFO alembic.runtime.plugins: setup plugin alembic.autogenerate.constraints
2026/01/29 15:25:01 INFO alembic.runtime.plugins: setup plugin alembic.autogenerate.defaults
2026/01/29 15:25:01 INFO alembic.runtime.plugins: setup plugin alembic.autogenerate.comments
INFO:     Started server process [81448]
INFO:     Waiting for application startup.
INFO:     Application startup complete.
INFO:     Started server process [81447]
INFO:     Waiting for application startup.
INFO:     Application startup complete.
INFO:     Started server process [81446]
INFO:     Waiting for application startup.
INFO:     Application startup complete.
2026/01/29 15:25:01 INFO alembic.runtime.plugins: setup plugin alembic.autogenerate.schemas
2026/01/29 15:25:01 INFO alembic.runtime.plugins: setup plugin alembic.autogenerate.tables
2026/01/29 15:25:01 INFO alembic.runtime.plugins: setup plugin alembic.autogenerate.types
2026/01/29 15:25:01 INFO alembic.runtime.plugins: setup plugin alembic.autogenerate.constraints
2026/01/29 15:25:01 INFO alembic.runtime.plugins: setup plugin alembic.autogenerate.defaults
2026/01/29 15:25:01 INFO alembic.runtime.plugins: setup plugin alembic.autogenerate.comments
INFO:     Started server process [81449]
INFO:     Waiting for application startup.
INFO:     Application startup complete.
[2026-01-29 15:25:09,658] INFO:huey.consumer:MainThread:All workers have stopped.
[2026-01-29 15:25:09,658] INFO:huey.consumer:MainThread:Consumer will restart.
[2026-01-29 15:25:09,713] INFO:huey.consumer:MainThread:All workers have stopped.
[2026-01-29 15:25:09,713] INFO:huey.consumer:MainThread:Consumer will restart.
[2026-01-29 15:25:09,716] INFO:huey.consumer:MainThread:All workers have stopped.
[2026-01-29 15:25:09,716] INFO:huey.consumer:MainThread:Consumer will restart.
[2026-01-29 15:25:09,868] INFO:huey.consumer:MainThread:All workers have stopped.
[2026-01-29 15:25:09,869] INFO:huey.consumer:MainThread:Consumer will restart.
[2026-01-29 15:25:10,707] INFO:huey.consumer:MainThread:Huey consumer started with 10 thread, PID 79874 at 2026-01-29 20:25:10.707721
[2026-01-29 15:25:10,707] INFO:huey.consumer:MainThread:Scheduler runs every 1 second(s).
[2026-01-29 15:25:10,708] INFO:huey.consumer:MainThread:Periodic tasks are enabled.
[2026-01-29 15:25:10,708] INFO:huey.consumer:MainThread:The following commands are available:
+ mlflow.server.jobs.utils._exec_job
[2026-01-29 15:25:10,775] INFO:huey.consumer:MainThread:Huey consumer started with 5 thread, PID 79870 at 2026-01-29 20:25:10.775293
[2026-01-29 15:25:10,775] INFO:huey.consumer:MainThread:Scheduler runs every 1 second(s).
[2026-01-29 15:25:10,775] INFO:huey.consumer:MainThread:Periodic tasks are enabled.
[2026-01-29 15:25:10,775] INFO:huey.consumer:MainThread:The following commands are available:
+ mlflow.server.jobs.utils._exec_job
[2026-01-29 15:25:10,969] INFO:huey.consumer:MainThread:Huey consumer started with 5 thread, PID 79872 at 2026-01-29 20:25:10.969272
[2026-01-29 15:25:10,969] INFO:huey.consumer:MainThread:Scheduler runs every 1 second(s).
[2026-01-29 15:25:10,969] INFO:huey.consumer:MainThread:Periodic tasks are enabled.
[2026-01-29 15:25:10,969] INFO:huey.consumer:MainThread:The following commands are available:
+ mlflow.server.jobs.utils._exec_job
2026/01/29 15:25:11 INFO mlflow.server.jobs.utils: Registered online_scoring_scheduler periodic task (runs every 1 minute)
[2026-01-29 15:25:11,003] INFO:huey.consumer:MainThread:Huey consumer started with 5 thread, PID 79875 at 2026-01-29 20:25:11.003276
[2026-01-29 15:25:11,003] INFO:huey.consumer:MainThread:Scheduler runs every 1 second(s).
[2026-01-29 15:25:11,003] INFO:huey.consumer:MainThread:Periodic tasks are enabled.
[2026-01-29 15:25:11,003] INFO:huey.consumer:MainThread:The following commands are available:
+ mlflow.server.jobs.utils._exec_job
+ mlflow.server.jobs.utils.online_scoring_scheduler
[2026-01-29 15:25:11,004] INFO:huey.consumer.Scheduler:Scheduler:Enqueueing periodic task mlflow.server.jobs.utils.online_scoring_scheduler: 465caf73-a6a4-47cd-8d67-701c0e43f5d2.
[2026-01-29 15:25:11,005] INFO:huey:Worker-2:Executing mlflow.server.jobs.utils.online_scoring_scheduler: 465caf73-a6a4-47cd-8d67-701c0e43f5d2
2026/01/29 15:25:11 INFO alembic.runtime.plugins: setup plugin alembic.autogenerate.schemas
2026/01/29 15:25:11 INFO alembic.runtime.plugins: setup plugin alembic.autogenerate.tables
2026/01/29 15:25:11 INFO alembic.runtime.plugins: setup plugin alembic.autogenerate.types
2026/01/29 15:25:11 INFO alembic.runtime.plugins: setup plugin alembic.autogenerate.constraints
2026/01/29 15:25:11 INFO alembic.runtime.plugins: setup plugin alembic.autogenerate.defaults
2026/01/29 15:25:11 INFO alembic.runtime.plugins: setup plugin alembic.autogenerate.comments
[2026-01-29 15:25:11,302] INFO:huey:Worker-2:mlflow.server.jobs.utils.online_scoring_scheduler: 465caf73-a6a4-47cd-8d67-701c0e43f5d2 executed in 0.297s
INFO:     127.0.0.1:51438 - "GET / HTTP/1.1" 304 Not Modified
INFO:     127.0.0.1:51438 - "GET /ajax-api/3.0/mlflow/assistant/config HTTP/1.1" 200 OK
2026/01/29 15:25:26 INFO alembic.runtime.migration: Context impl SQLiteImpl.
2026/01/29 15:25:26 INFO alembic.runtime.migration: Will assume non-transactional DDL.
INFO:     127.0.0.1:51446 - "GET /ajax-api/2.0/mlflow/experiments/search?max_results=5&order_by=last_update_time+DESC HTTP/1.1" 200 OK
INFO:     127.0.0.1:51438 - "GET /ajax-api/3.0/mlflow/ui-telemetry HTTP/1.1" 200 OK
[2026-01-29 15:25:27,478] INFO:huey.consumer:MainThread:Received SIGTERM
[2026-01-29 15:25:27,478] INFO:huey.consumer:MainThread:Received SIGTERM
[2026-01-29 15:25:27,478] INFO:huey.consumer:MainThread:Received SIGTERM
[2026-01-29 15:25:27,478] INFO:huey.consumer:MainThread:Received SIGTERM
[2026-01-29 15:25:27,497] INFO:huey.consumer:MainThread:Received SIGTERM
[2026-01-29 15:25:27,497] INFO:huey.consumer:MainThread:Received SIGTERM
[2026-01-29 15:25:27,497] INFO:huey.consumer:MainThread:Received SIGTERM
[2026-01-29 15:25:27,497] INFO:huey.consumer:MainThread:Received SIGTERM
[2026-01-29 15:25:27,499] INFO:huey.consumer:MainThread:Shutting down
[2026-01-29 15:25:27,499] INFO:huey.consumer:MainThread:Consumer exiting.
[2026-01-29 15:25:27,505] INFO:huey.consumer:MainThread:Shutting down
[2026-01-29 15:25:27,505] INFO:huey.consumer:MainThread:Consumer exiting.
[2026-01-29 15:25:27,539] INFO:huey.consumer:MainThread:Shutting down
[2026-01-29 15:25:27,539] INFO:huey.consumer:MainThread:Consumer exiting.
[2026-01-29 15:25:27,539] INFO:huey.consumer:MainThread:Shutting down
[2026-01-29 15:25:27,540] INFO:huey.consumer:MainThread:Consumer exiting.
INFO:     Received SIGTERM, exiting.
INFO:     Received SIGTERM, exiting.
INFO:     Terminated child process [81446]
INFO:     Terminated child process [81447]
INFO:     Terminated child process [81448]
INFO:     Terminated child process [81449]
INFO:     Waiting for child process [81446]
INFO:     Shutting down
INFO:     Shutting down
INFO:     Shutting down
INFO:     Shutting down
INFO:     Waiting for application shutdown.
INFO:     Application shutdown complete.
INFO:     Finished server process [81446]
INFO:     Waiting for application shutdown.
INFO:     Application shutdown complete.
INFO:     Finished server process [81449]
INFO:     Waiting for child process [81447]
INFO:     Waiting for application shutdown.
INFO:     Application shutdown complete.
INFO:     Finished server process [81448]
INFO:     Waiting for application shutdown.
INFO:     Application shutdown complete.
INFO:     Finished server process [81447]
INFO:     Waiting for child process [81448]
INFO:     Waiting for child process [81449]
INFO:     Stopping parent process [79766]
